
ROM used:   1546/32768 (5%)
            1546/32768 (5%) including unused fragments

            1.2 Average locations per line
            9.8 Average locations per statement

RAM used:   65/1536 (4%) at main() level
            90/1536 (6%) worst case

Stack used: 13 worst case (4 in main + 9 for interrupts)
Stack size: 31

Lines Stmts  %   Files
----- ----- ---  -----
  117    57  36  SnakeGame.c
   11     0   0  ..\..\..\Курс 3\Архітектура і програмування мікроконтролерів\Project\main.h
  665     0   0  ..\..\..\..\..\..\..\Program Files (x86)\PICC\Devices\18F252.h
  456   100  64  ..\..\..\..\..\..\..\Program Files (x86)\PICC\Drivers\lcd.c
----- -----
 1249   157 Total

Page ROM  %  RAM   Vol Diff  Functions:
---- --- --- ---   --- ----  ----------
0     38   1    1             @delay_ms1
0     76   2    3   760  4.5  lcd_read_byte
0     82   3    2   262  3.7  lcd_read_nibble
0     72   2    1   399  2.4  lcd_send_nibble
0     70   2    3   415  3.7  lcd_send_byte
0    200   6    6   852  6.2  lcd_init
0     34   1    4   208  6.3  lcd_gotoxy
0     80   3    1   354  4.7  lcd_putc
0     36   1    0   272  2.3  init
0     84   3    0   143  1.7  time_show
0     18   1    0             @const654
0     32   1    2             @PSTRINGC_636
0     12   0    0             @const656
0     28   1    1             @SPRINTF
0     32   1    3             @PSTRINGCN_658
0     40   1    3             @DIV88
0    102   3    2             @PRINTF_U_658
0     46   1    0   160  3.9  time
0      8   0    0    16  1.0  RTCC_isr
0     58   2    1   225  3.5  EXT_isr
0     12   0    0             @const672
0     58   2    1   225  3.5  EXT1_isr
0     12   0    0             @const675
0     58   2    1   225  3.5  EXT2_isr
0     12   0    0             @const678
0     64   2    4   119  2.9  main
 Inline         0             @cinit1

Program metrics:
    Functions               15
    Statements              157
    Comments                223
    Volume (V)              7833
    Difficulty (D)          53.0
    Effort to implement (E) 415116
    Time to implement (T)   6 hours, 24 minutes
    Est Delivered Bugs (B)  2
    Cyclomatic Complexity   14
    Maintainability (MI)    85

 Segment     Used  Free
-----------  ----  ----
00000-00002     4  0  
00004-00006     0  4  
00008-000B8   178  0  
000BA-07FFE  1364  31218  



